Arguments: 
  C:\Program Files\nodejs\node.exe C:\Users\Elton\AppData\Roaming\npm\node_modules\yarn\bin\yarn.js install

PATH: 
  C:\Program Files\Java\jdk-17.0.1;C:\Python310\Scripts\;C:\Python310\;C:\Windows\system32;C:\Windows;C:\Windows\System32\Wbem;C:\Windows\System32\WindowsPowerShell\v1.0\;C:\Windows\System32\OpenSSH\;C:\Program Files\nodejs\;C:\ProgramData\chocolatey\bin;C:\Program Files\Git\cmd;C:\Users\Elton\AppData\Local\Microsoft\WindowsApps;C:\Users\Elton\AppData\Local\Programs\Microsoft VS Code\bin;C:\Users\Elton\AppData\Roaming\npm;C:\Users\Elton\AppData\Local\GitHubDesktop\bin;E:\Programas\android-sdk-26-1-1.zip\tools;

Yarn version: 
  1.22.19

Node version: 
  16.17.0

Platform: 
  win32 x64

Trace: 
  Error: read ECONNRESET
      at TLSWrap.onStreamRead (node:internal/stream_base_commons:217:20)

npm manifest: 
  {
    "name": "transalte",
    "version": "1.0.0",
    "main": "node_modules/expo/AppEntry.js",
    "scripts": {
      "start": "expo start",
      "android": "expo start --android",
      "ios": "expo start --ios",
      "web": "expo start --web",
      "test": "jest --watchAll"
    },
    "jest": {
      "preset": "jest-expo"
    },
    "dependencies": {
      "@expo/vector-icons": "^13.0.0",
      "@react-navigation/bottom-tabs": "^6.0.5",
      "@react-navigation/native": "^6.0.2",
      "@react-navigation/native-stack": "^6.1.0",
      "expo": "~46.0.9",
      "expo-asset": "~8.6.1",
      "expo-constants": "~13.2.4",
      "expo-font": "~10.2.0",
      "expo-linking": "~3.2.2",
      "expo-splash-screen": "~0.16.2",
      "expo-status-bar": "~1.4.0",
      "expo-system-ui": "~1.3.0",
      "expo-web-browser": "~11.0.0",
      "react": "18.0.0",
      "react-dom": "18.0.0",
      "react-native": "^0.69.5",
      "react-native-safe-area-context": "4.3.1",
      "react-native-screens": "~3.15.0",
      "react-native-web": "~0.18.7"
    },
    "devDependencies": {
      "@babel/core": "^7.12.9",
      "@types/react": "~18.0.14",
      "@types/react-native": "~0.69.1",
      "jest": "^26.6.3",
      "jest-expo": "~44.0.1",
      "react-test-renderer": "18.0.0",
      "typescript": "~4.3.5"
    },
    "private": true
  }

yarn manifest: 
  No manifest

Lockfile: 
  No lockfile
